2019-12-15 21:37:39,550 日志 INFO 
 1,你已登录成功
2019-12-15 21:37:52,070 日志 INFO 1 存了 100.000000
2019-12-15 21:37:52,070 日志 INFO 1 存了 100.000000
2019-12-15 21:38:02,526 日志 INFO 进行了查询余额 100.000000
2019-12-15 21:38:02,526 日志 INFO 进行了查询余额 100.000000
2019-12-15 21:38:02,526 日志 INFO 进行了查询余额 100.000000
2019-12-15 21:38:58,877 日志 INFO test
2019-12-15 23:04:50,670 日志 INFO 
 1,你已登录成功
2019-12-15 23:04:53,372 日志 INFO 进行了查询余额 100.000000
2019-12-15 23:04:53,372 日志 INFO 进行了查询余额 100.000000
2019-12-15 23:15:39,622 日志 INFO 
 1,你已登录成功
2019-12-15 23:21:02,116 日志 INFO 
 1,你已登录成功
2019-12-15 23:52:10,784 日志 INFO 
 1,你已登录成功
2019-12-15 23:52:17,910 日志 INFO 进行了查询余额 100.000000
2019-12-15 23:52:17,910 日志 INFO 进行了查询余额 100.000000
2019-12-15 23:59:44,238 日志 INFO 
 1,你已登录成功
2019-12-15 23:59:55,560 日志 INFO 进行了查询余额 100.000000
2019-12-15 23:59:55,560 日志 INFO 进行了查询余额 100.000000
2019-12-16 00:00:01,024 日志 INFO 进行了查询余额 100.000000
2019-12-16 00:00:01,024 日志 INFO 进行了查询余额 100.000000
2019-12-16 00:00:03,295 日志 INFO 进行了查询余额 100.000000
2019-12-16 00:00:03,295 日志 INFO 进行了查询余额 100.000000
2019-12-16 00:00:05,163 日志 INFO 进行了查询余额 100.000000
2019-12-16 00:00:05,163 日志 INFO 进行了查询余额 100.000000
2019-12-16 00:00:07,622 日志 INFO 进行了查询余额 100.000000
2019-12-16 00:00:07,622 日志 INFO 进行了查询余额 100.000000
