2019-12-16 00:00:01,024 日志 INFO 进行了查询余额 100.000000
2019-12-16 00:00:03,295 日志 INFO 进行了查询余额 100.000000
2019-12-16 00:00:03,295 日志 INFO 进行了查询余额 100.000000
2019-12-16 00:00:05,163 日志 INFO 进行了查询余额 100.000000
2019-12-16 00:00:05,163 日志 INFO 进行了查询余额 100.000000
2019-12-16 00:00:05,163 日志 INFO 进行了查询余额 100.000000
2019-12-16 00:00:07,622 日志 INFO 进行了查询余额 100.000000
2019-12-16 00:00:07,622 日志 INFO 进行了查询余额 100.000000
2019-12-16 00:00:07,622 日志 INFO 进行了查询余额 100.000000
2019-12-16 00:00:07,622 日志 INFO 进行了查询余额 100.000000
2019-12-16 00:00:42,547 日志 INFO test
2019-12-16 00:01:16,455 日志 INFO test
2019-12-16 00:01:16,456 日志 INFO test1
2019-12-16 00:01:16,456 日志 INFO test2
2019-12-16 00:01:16,456 日志 INFO test3
2019-12-16 00:06:19,415 日志 INFO 
 1,你已登录成功
2019-12-16 00:06:21,139 日志 INFO 进行了查询余额 100.000000
2019-12-16 00:06:22,514 日志 INFO 进行了查询余额 100.000000
2019-12-16 00:06:24,106 日志 INFO 进行了查询余额 100.000000
2019-12-16 00:06:25,234 日志 INFO 进行了查询余额 100.000000
2019-12-16 00:06:26,250 日志 INFO 进行了查询余额 100.000000
2019-12-16 00:06:27,114 日志 INFO 进行了查询余额 100.000000
2019-12-16 00:06:27,897 日志 INFO 进行了查询余额 100.000000
2019-12-16 00:06:47,763 日志 INFO 注册成功，欢迎 1
2019-12-16 00:07:00,266 日志 INFO 
 1,你已登录成功
2019-12-16 00:07:03,369 日志 INFO 进行了查询余额 0.000000
2019-12-16 00:07:05,443 日志 INFO 进行了查询余额 0.000000
2019-12-16 00:07:06,975 日志 INFO 进行了查询余额 0.000000
2019-12-16 00:07:08,104 日志 INFO 进行了查询余额 0.000000
2019-12-16 00:07:14,512 日志 INFO 1 存了 23.000000
2019-12-16 00:07:17,798 日志 INFO 进行了查询余额 23.000000
2019-12-16 00:07:18,893 日志 INFO 进行了查询余额 23.000000
2019-12-16 00:07:20,005 日志 INFO 进行了查询余额 23.000000
2019-12-16 00:07:21,508 日志 INFO 进行了查询余额 23.000000
2019-12-16 00:07:23,166 日志 INFO 进行了查询余额 23.000000
2019-12-16 00:07:28,213 日志 INFO 进行了查询余额 23.000000
2019-12-16 00:07:31,203 日志 INFO 进行了查询余额 23.000000
2019-12-16 00:07:34,239 日志 INFO 进行了查询余额 23.000000
2019-12-16 00:07:38,084 日志 INFO 进行了查询余额 23.000000
2019-12-16 16:59:36,435 日志 INFO 
 1,你已登录成功
2019-12-16 16:59:40,760 日志 INFO 进行了查询余额 23.000000
2019-12-16 17:17:07,692 日志 INFO 
 1,你已登录成功
2019-12-16 17:17:10,123 日志 INFO 进行了查询余额 23.000000
2019-12-16 17:17:12,311 日志 INFO 进行了查询余额 23.000000
2019-12-16 17:17:19,776 日志 INFO 1 存了 233.000000
2019-12-16 17:17:22,985 日志 INFO 进行了查询余额 256.000000
